<?xml version="1.0" encoding="UTF-8"?>
<!-- Generated by org.testng.reporters.JUnitReportReporter -->
<testsuite hostname="DESKTOP-M5S4UPJ" failures="0" tests="2" name="day26.pack1.Class2" time="0.025" errors="0" timestamp="2023-11-10T15:52:59 PST" skipped="0">
  <testcase classname="day26.pack1.Class2" name="XYZ" time="0.016"/>
  <system-out/>
  <testcase classname="day26.pack1.Class2" name="XYZ" time="0.009"/>
  <system-out/>
</testsuite> <!-- day26.pack1.Class2 -->
