<?xml version="1.0" encoding="UTF-8"?>
<!-- Generated by org.testng.reporters.JUnitReportReporter -->
<testsuite hostname="DESKTOP-M5S4UPJ" failures="0" tests="2" name="day26.AnnotationDemo1" time="0.058" errors="0" timestamp="2023-11-07T16:21:22 PST" skipped="0">
  <testcase classname="day26.AnnotationDemo1" name="search" time="0.015"/>
  <system-out/>
  <testcase classname="day26.AnnotationDemo1" name="advancesearch" time="0.043"/>
  <system-out/>
</testsuite> <!-- day26.AnnotationDemo1 -->
