<?xml version="1.0" encoding="UTF-8"?>
<!-- Generated by org.testng.reporters.JUnitReportReporter -->
<testsuite hostname="DESKTOP-M5S4UPJ" failures="0" tests="2" name="day26.AnnotationDemo2" time="0.019" errors="0" timestamp="2023-11-07T16:46:44 PST" skipped="0">
  <testcase classname="day26.AnnotationDemo2" name="search" time="0.013"/>
  <system-out/>
  <testcase classname="day26.AnnotationDemo2" name="advancesearch" time="0.006"/>
  <system-out/>
</testsuite> <!-- day26.AnnotationDemo2 -->
