<?xml version="1.0" encoding="UTF-8"?>
<!-- Generated by org.testng.reporters.JUnitReportReporter -->
<testsuite hostname="DESKTOP-M5S4UPJ" failures="0" tests="2" name="day26.AllAnnotations" time="0.026" errors="0" timestamp="2024-07-29T17:45:15 PDT" skipped="0">
  <testcase classname="day26.AllAnnotations" name="tm1" time="0.020"/>
  <system-out/>
  <testcase classname="day26.AllAnnotations" name="tm2" time="0.006"/>
  <system-out/>
</testsuite> <!-- day26.AllAnnotations -->
