<?xml version="1.0" encoding="UTF-8"?>
<!-- Generated by org.testng.reporters.JUnitReportReporter -->
<testsuite hostname="DESKTOP-M5S4UPJ" failures="0" tests="3" name="day25.SecondTest" time="11.908" errors="0" timestamp="2023-11-07T15:22:01 PST" skipped="0">
  <testcase classname="day25.SecondTest" name="openApp" time="10.721"/>
  <system-out/>
  <testcase classname="day25.SecondTest" name="login" time="0.812"/>
  <system-out/>
  <testcase classname="day25.SecondTest" name="logout" time="0.375"/>
  <system-out/>
</testsuite> <!-- day25.SecondTest -->
