<?xml version="1.0" encoding="UTF-8"?>
<!-- Generated by org.testng.reporters.JUnitReportReporter -->
<testsuite hostname="DESKTOP-M5S4UPJ" failures="0" tests="10" name="day28.InvocationCountDemo" time="0.057" errors="0" timestamp="2023-11-11T18:57:18 PST" skipped="0">
  <testcase classname="day28.InvocationCountDemo" name="test" time="0.004"/>
  <system-out/>
  <testcase classname="day28.InvocationCountDemo" name="test" time="0.008"/>
  <system-out/>
  <testcase classname="day28.InvocationCountDemo" name="test" time="0.007"/>
  <system-out/>
  <testcase classname="day28.InvocationCountDemo" name="test" time="0.019"/>
  <system-out/>
  <testcase classname="day28.InvocationCountDemo" name="test" time="0.004"/>
  <system-out/>
  <testcase classname="day28.InvocationCountDemo" name="test" time="0.002"/>
  <system-out/>
  <testcase classname="day28.InvocationCountDemo" name="test" time="0.005"/>
  <system-out/>
  <testcase classname="day28.InvocationCountDemo" name="test" time="0.003"/>
  <system-out/>
  <testcase classname="day28.InvocationCountDemo" name="test" time="0.001"/>
  <system-out/>
  <testcase classname="day28.InvocationCountDemo" name="test" time="0.004"/>
  <system-out/>
</testsuite> <!-- day28.InvocationCountDemo -->
