<?xml version="1.0" encoding="UTF-8"?>
<!-- Generated by org.testng.reporters.JUnitReportReporter -->
<testsuite hostname="DESKTOP-M5S4UPJ" failures="0" tests="3" name="day27.Grouping" time="0.023" errors="0" timestamp="2023-11-11T15:48:06 PST" skipped="0">
  <testcase classname="day27.Grouping" name="loginByFacebook" time="0.017"/>
  <system-out/>
  <testcase classname="day27.Grouping" name="loginByTwitter" time="0.003"/>
  <system-out/>
  <testcase classname="day27.Grouping" name="paymentinrupees" time="0.003"/>
  <system-out/>
</testsuite> <!-- day27.Grouping -->
