<?xml version="1.0" encoding="UTF-8"?>
<!-- Generated by org.testng.reporters.JUnitReportReporter -->
<testsuite hostname="DESKTOP-M5S4UPJ" failures="0" tests="3" name="day25.ThirdTest" time="0.018" errors="0" timestamp="2023-11-07T15:22:01 PST" skipped="0">
  <testcase classname="day25.ThirdTest" name="test2" time="0.004"/>
  <system-out/>
  <testcase classname="day25.ThirdTest" name="test1" time="0.008"/>
  <system-out/>
  <testcase classname="day25.ThirdTest" name="test3" time="0.006"/>
  <system-out/>
</testsuite> <!-- day25.ThirdTest -->
