<?xml version="1.0" encoding="UTF-8"?>
<!-- Generated by org.testng.reporters.JUnitReportReporter -->
<testsuite hostname="DESKTOP-M5S4UPJ" failures="0" tests="3" name="day25.FirstTest" time="0.036" errors="0" timestamp="2023-11-06T21:34:11 PST" skipped="0">
  <testcase classname="day25.FirstTest" name="test1" time="0.021"/>
  <system-out/>
  <testcase classname="day25.FirstTest" name="test2" time="0.010"/>
  <system-out/>
  <testcase classname="day25.FirstTest" name="test3" time="0.005"/>
  <system-out/>
</testsuite> <!-- day25.FirstTest -->
