<?xml version="1.0" encoding="UTF-8"?>
<!-- Generated by org.testng.reporters.JUnitReportReporter -->
<testsuite hostname="DESKTOP-M5S4UPJ" failures="0" tests="2" name="day26.pack1.Class1" time="0.027" errors="0" timestamp="2023-11-10T15:52:59 PST" skipped="0">
  <testcase classname="day26.pack1.Class1" name="abc" time="0.020"/>
  <system-out/>
  <testcase classname="day26.pack1.Class1" name="abc" time="0.007"/>
  <system-out/>
</testsuite> <!-- day26.pack1.Class1 -->
